[INFO   ] Logger: Record log in /storage/emulated/0/MyProjects/BioGenesis/.kivy/logs/kivy_21-08-04_14.txt
[INFO   ] Kivy: v1.11.1
[INFO   ] Kivy: Installed at "/data/user/0/ru.iiec.pydroid3/files/aarch64-linux-android/lib/python3.8/site-packages/kivy/__init__.py"
[INFO   ] Python: v3.8.3 (default, May 27 2020, 02:08:17) 
[GCC 9.3.0]
[INFO   ] Python: Interpreter at "/data/user/0/ru.iiec.pydroid3/files/aarch64-linux-android/bin/python3"
[INFO   ] Factory: 184 symbols loaded
[INFO   ] KivyMD: v0.104.1
[INFO   ] Image: Providers: img_tex, img_dds, img_sdl2, img_pil, img_gif (img_ffpyplayer ignored)
[INFO   ] Window: Provider: sdl2
[INFO   ] GL: Using the "OpenGL ES 2" graphics system
[INFO   ] GL: Backend used <sdl2>
[INFO   ] GL: OpenGL version <b'OpenGL ES 3.2 V@415.0 (GIT@f345350, I0760943699, 1580221225) (Date:01/28/20)'>
[INFO   ] GL: OpenGL vendor <b'Qualcomm'>
[INFO   ] GL: OpenGL renderer <b'Adreno (TM) 504'>
[INFO   ] GL: OpenGL parsed version: 3, 2
[INFO   ] GL: Texture max size <16384>
[INFO   ] GL: Texture max units <16>
[INFO   ] Window: auto add sdl2 input provider
[INFO   ] Window: virtual keyboard not allowed, single mode, not docked
[INFO   ] Text: Provider: sdl2
[INFO   ] GL: NPOT texture support is available
[WARNING] stderr: Traceback (most recent call last):
[WARNING] stderr:   File "/data/user/0/ru.iiec.pydroid3/files/aarch64-linux-android/lib/python3.8/site-packages/kivy/lang/builder.py", line 725, in _apply_rule
[WARNING] stderr:     raise AttributeError(key)
[WARNING] stderr: AttributeError: touch
[WARNING] stderr: 
[WARNING] stderr: During handling of the above exception, another exception occurred:
[WARNING] stderr: 
[WARNING] stderr: Traceback (most recent call last):
[WARNING] stderr:   File "/storage/emulated/0/MyProjects/BioGenesis/main.py", line 147, in <module>
[WARNING] stderr:     ComicApp().run()
[WARNING] stderr:   File "/data/user/0/ru.iiec.pydroid3/files/aarch64-linux-android/lib/python3.8/site-packages/kivy/app.py", line 829, in run
[WARNING] stderr:     root = self.build()
[WARNING] stderr:   File "/storage/emulated/0/MyProjects/BioGenesis/main.py", line 45, in build
[WARNING] stderr:     self.root = Builder.load_file('design.kv')
[WARNING] stderr:   File "/data/user/0/ru.iiec.pydroid3/files/aarch64-linux-android/lib/python3.8/site-packages/kivy/lang/builder.py", line 301, in load_file
[WARNING] stderr:     return self.load_string(data, **kwargs)
[WARNING] stderr:   File "/data/user/0/ru.iiec.pydroid3/files/aarch64-linux-android/lib/python3.8/site-packages/kivy/lang/builder.py", line 403, in load_string
[WARNING] stderr:     self._apply_rule(
[WARNING] stderr:   File "/data/user/0/ru.iiec.pydroid3/files/aarch64-linux-android/lib/python3.8/site-packages/kivy/lang/builder.py", line 656, in _apply_rule
[WARNING] stderr:     child.apply_class_lang_rules(
[WARNING] stderr:   File "/data/user/0/ru.iiec.pydroid3/files/aarch64-linux-android/lib/python3.8/site-packages/kivy/uix/widget.py", line 467, in apply_class_lang_rules
[WARNING] stderr:     Builder.apply(
[WARNING] stderr:   File "/data/user/0/ru.iiec.pydroid3/files/aarch64-linux-android/lib/python3.8/site-packages/kivy/lang/builder.py", line 536, in apply
[WARNING] stderr:     self._apply_rule(
[WARNING] stderr:   File "/data/user/0/ru.iiec.pydroid3/files/aarch64-linux-android/lib/python3.8/site-packages/kivy/lang/builder.py", line 732, in _apply_rule
[WARNING] stderr:     raise BuilderException(
[WARNING] stderr: kivy.lang.builder.BuilderException: Parser: File "/storage/emulated/0/MyProjects/BioGenesis/design.kv", line 56:
[WARNING] stderr: ...
[WARNING] stderr:      54:		text: app.progress
[WARNING] stderr:      55:		on_touch:
[WARNING] stderr: >>   56:			print(self.text)
[WARNING] stderr:      57:	
[WARNING] stderr:      58:	MDIconButton:
[WARNING] stderr: ...
[WARNING] stderr: AttributeError: touch
[WARNING] stderr:   File "/data/user/0/ru.iiec.pydroid3/files/aarch64-linux-android/lib/python3.8/site-packages/kivy/lang/builder.py", line 725, in _apply_rule
[WARNING] stderr:     raise AttributeError(key)
[WARNING] stderr: 
