[INFO   ] Logger: Record log in /storage/emulated/0/MyProjects/ComicApp/.kivy/logs/kivy_21-08-23_18.txt
[INFO   ] Kivy: v1.11.1
[INFO   ] Kivy: Installed at "/data/user/0/ru.iiec.pydroid3/files/aarch64-linux-android/lib/python3.8/site-packages/kivy/__init__.py"
[INFO   ] Python: v3.8.3 (default, May 27 2020, 02:08:17) 
[GCC 9.3.0]
[INFO   ] Python: Interpreter at "/data/user/0/ru.iiec.pydroid3/files/aarch64-linux-android/bin/python3"
[INFO   ] Factory: 184 symbols loaded
[INFO   ] KivyMD: v0.104.1
[INFO   ] Image: Providers: img_tex, img_dds, img_sdl2, img_pil, img_gif (img_ffpyplayer ignored)
[INFO   ] Window: Provider: sdl2
[INFO   ] GL: Using the "OpenGL ES 2" graphics system
[INFO   ] GL: Backend used <sdl2>
[INFO   ] GL: OpenGL version <b'OpenGL ES 3.2 V@415.0 (GIT@f345350, I0760943699, 1580221225) (Date:01/28/20)'>
[INFO   ] GL: OpenGL vendor <b'Qualcomm'>
[INFO   ] GL: OpenGL renderer <b'Adreno (TM) 504'>
[INFO   ] GL: OpenGL parsed version: 3, 2
[INFO   ] GL: Texture max size <16384>
[INFO   ] GL: Texture max units <16>
[INFO   ] Window: auto add sdl2 input provider
[INFO   ] Window: virtual keyboard not allowed, single mode, not docked
[INFO   ] Text: Provider: sdl2
[INFO   ] GL: NPOT texture support is available
[INFO   ] Clipboard: Provider: android
[WARNING] stderr: Traceback (most recent call last):
[WARNING] stderr:   File "/data/user/0/ru.iiec.pydroid3/files/aarch64-linux-android/lib/python3.8/site-packages/kivy/lang/builder.py", line 700, in _apply_rule
[WARNING] stderr:     setattr(widget_set, key, value)
[WARNING] stderr:   File "kivy/weakproxy.pyx", line 35, in kivy.weakproxy.WeakProxy.__setattr__
[WARNING] stderr:   File "kivy/properties.pyx", line 497, in kivy.properties.Property.__set__
[WARNING] stderr:   File "kivy/properties.pyx", line 544, in kivy.properties.Property.set
[WARNING] stderr:   File "kivy/properties.pyx", line 599, in kivy.properties.Property.dispatch
[WARNING] stderr:   File "kivy/_event.pyx", line 1214, in kivy._event.EventObservers.dispatch
[WARNING] stderr:   File "kivy/_event.pyx", line 1120, in kivy._event.EventObservers._dispatch
[WARNING] stderr:   File "/data/user/0/ru.iiec.pydroid3/files/aarch64-linux-android/lib/python3.8/site-packages/kivy/uix/screenmanager.py", line 1038, in on_current
[WARNING] stderr:     screen = self.get_screen(value)
[WARNING] stderr:   File "/data/user/0/ru.iiec.pydroid3/files/aarch64-linux-android/lib/python3.8/site-packages/kivy/uix/screenmanager.py", line 1064, in get_screen
[WARNING] stderr:     raise ScreenManagerException('No Screen with name "%s".' % name)
[WARNING] stderr: kivy.uix.screenmanager.ScreenManagerException: No Screen with name "home_screen".
[WARNING] stderr: 
[WARNING] stderr: During handling of the above exception, another exception occurred:
[WARNING] stderr: 
[WARNING] stderr: Traceback (most recent call last):
[WARNING] stderr:   File "/storage/emulated/0/MyProjects/ComicApp/main.py", line 197, in <module>
[WARNING] stderr:     ComicApp().run()
[WARNING] stderr:   File "/data/user/0/ru.iiec.pydroid3/files/aarch64-linux-android/lib/python3.8/site-packages/kivy/app.py", line 829, in run
[WARNING] stderr:     root = self.build()
[WARNING] stderr:   File "/storage/emulated/0/MyProjects/ComicApp/main.py", line 56, in build
[WARNING] stderr:     self.root = Builder.load_file('design.kv')
[WARNING] stderr:   File "/data/user/0/ru.iiec.pydroid3/files/aarch64-linux-android/lib/python3.8/site-packages/kivy/lang/builder.py", line 301, in load_file
[WARNING] stderr:     return self.load_string(data, **kwargs)
[WARNING] stderr:   File "/data/user/0/ru.iiec.pydroid3/files/aarch64-linux-android/lib/python3.8/site-packages/kivy/lang/builder.py", line 403, in load_string
[WARNING] stderr:     self._apply_rule(
[WARNING] stderr:   File "/data/user/0/ru.iiec.pydroid3/files/aarch64-linux-android/lib/python3.8/site-packages/kivy/lang/builder.py", line 705, in _apply_rule
[WARNING] stderr:     raise BuilderException(rule.ctx, rule.line,
[WARNING] stderr: kivy.lang.builder.BuilderException: Parser: File "/storage/emulated/0/MyProjects/ComicApp/design.kv", line 9:
[WARNING] stderr: ...
[WARNING] stderr:       7:
[WARNING] stderr:       8:ScreenManager:
[WARNING] stderr: >>    9:	current: "home_screen"
[WARNING] stderr:      10:	
[WARNING] stderr:      11:	HomeScreen:
[WARNING] stderr: ...
[WARNING] stderr: ScreenManagerException: No Screen with name "home_screen".
[WARNING] stderr:   File "/data/user/0/ru.iiec.pydroid3/files/aarch64-linux-android/lib/python3.8/site-packages/kivy/lang/builder.py", line 700, in _apply_rule
[WARNING] stderr:     setattr(widget_set, key, value)
[WARNING] stderr:   File "kivy/weakproxy.pyx", line 35, in kivy.weakproxy.WeakProxy.__setattr__
[WARNING] stderr:   File "kivy/properties.pyx", line 497, in kivy.properties.Property.__set__
[WARNING] stderr:   File "kivy/properties.pyx", line 544, in kivy.properties.Property.set
[WARNING] stderr:   File "kivy/properties.pyx", line 599, in kivy.properties.Property.dispatch
[WARNING] stderr:   File "kivy/_event.pyx", line 1214, in kivy._event.EventObservers.dispatch
[WARNING] stderr:   File "kivy/_event.pyx", line 1120, in kivy._event.EventObservers._dispatch
[WARNING] stderr:   File "/data/user/0/ru.iiec.pydroid3/files/aarch64-linux-android/lib/python3.8/site-packages/kivy/uix/screenmanager.py", line 1038, in on_current
[WARNING] stderr:     screen = self.get_screen(value)
[WARNING] stderr:   File "/data/user/0/ru.iiec.pydroid3/files/aarch64-linux-android/lib/python3.8/site-packages/kivy/uix/screenmanager.py", line 1064, in get_screen
[WARNING] stderr:     raise ScreenManagerException('No Screen with name "%s".' % name)
[WARNING] stderr: 
