[INFO   ] Logger: Record log in /storage/emulated/0/MyProjects/ComicApp/.kivy/logs/kivy_21-08-21_42.txt
[INFO   ] Kivy: v1.11.1
[INFO   ] Kivy: Installed at "/data/user/0/ru.iiec.pydroid3/files/aarch64-linux-android/lib/python3.8/site-packages/kivy/__init__.py"
[INFO   ] Python: v3.8.3 (default, May 27 2020, 02:08:17) 
[GCC 9.3.0]
[INFO   ] Python: Interpreter at "/data/user/0/ru.iiec.pydroid3/files/aarch64-linux-android/bin/python3"
[INFO   ] Factory: 184 symbols loaded
[INFO   ] KivyMD: v0.104.1
[INFO   ] Image: Providers: img_tex, img_dds, img_sdl2, img_pil, img_gif (img_ffpyplayer ignored)
[INFO   ] Window: Provider: sdl2
[INFO   ] GL: Using the "OpenGL ES 2" graphics system
[INFO   ] GL: Backend used <sdl2>
[INFO   ] GL: OpenGL version <b'OpenGL ES 3.2 V@415.0 (GIT@f345350, I0760943699, 1580221225) (Date:01/28/20)'>
[INFO   ] GL: OpenGL vendor <b'Qualcomm'>
[INFO   ] GL: OpenGL renderer <b'Adreno (TM) 504'>
[INFO   ] GL: OpenGL parsed version: 3, 2
[INFO   ] GL: Texture max size <16384>
[INFO   ] GL: Texture max units <16>
[INFO   ] Window: auto add sdl2 input provider
[INFO   ] Window: virtual keyboard not allowed, single mode, not docked
[INFO   ] Text: Provider: sdl2
[INFO   ] GL: NPOT texture support is available
[INFO   ] Clipboard: Provider: android
[WARNING] stderr: Traceback (most recent call last):
[WARNING] stderr:   File "/data/user/0/ru.iiec.pydroid3/files/aarch64-linux-android/lib/python3.8/site-packages/kivy/lang/builder.py", line 249, in create_handler
[WARNING] stderr:     return eval(value, idmap), bound_list
[WARNING] stderr:   File "/storage/emulated/0/MyProjects/ComicApp/design.kv", line 111, in <module>
[WARNING] stderr:     text: app.details
[WARNING] stderr:   File "/data/user/0/ru.iiec.pydroid3/files/aarch64-linux-android/lib/python3.8/site-packages/kivy/lang/parser.py", line 76, in __getattribute__
[WARNING] stderr:     return getattr(object.__getattribute__(self, '_obj'), name)
[WARNING] stderr: AttributeError: 'ComicApp' object has no attribute 'details'
[WARNING] stderr: 
[WARNING] stderr: During handling of the above exception, another exception occurred:
[WARNING] stderr: 
[WARNING] stderr: Traceback (most recent call last):
[WARNING] stderr:   File "/data/user/0/ru.iiec.pydroid3/files/aarch64-linux-android/lib/python3.8/site-packages/kivy/lang/builder.py", line 690, in _apply_rule
[WARNING] stderr:     value, bound = create_handler(
[WARNING] stderr:   File "/data/user/0/ru.iiec.pydroid3/files/aarch64-linux-android/lib/python3.8/site-packages/kivy/lang/builder.py", line 252, in create_handler
[WARNING] stderr:     raise BuilderException(rule.ctx, rule.line,
[WARNING] stderr: kivy.lang.builder.BuilderException: Parser: File "/storage/emulated/0/MyProjects/ComicApp/design.kv", line 111:
[WARNING] stderr: ...
[WARNING] stderr:     109:	
[WARNING] stderr:     110:	MDLabel:
[WARNING] stderr: >>  111:		text: app.details
[WARNING] stderr:     112:		pos_hint: {"center_y": 0.3, "center_x": .5}
[WARNING] stderr:     113:	
[WARNING] stderr: ...
[WARNING] stderr: AttributeError: 'ComicApp' object has no attribute 'details'
[WARNING] stderr:   File "/data/user/0/ru.iiec.pydroid3/files/aarch64-linux-android/lib/python3.8/site-packages/kivy/lang/builder.py", line 249, in create_handler
[WARNING] stderr:     return eval(value, idmap), bound_list
[WARNING] stderr:   File "/storage/emulated/0/MyProjects/ComicApp/design.kv", line 111, in <module>
[WARNING] stderr:     text: app.details
[WARNING] stderr:   File "/data/user/0/ru.iiec.pydroid3/files/aarch64-linux-android/lib/python3.8/site-packages/kivy/lang/parser.py", line 76, in __getattribute__
[WARNING] stderr:     return getattr(object.__getattribute__(self, '_obj'), name)
[WARNING] stderr: 
[WARNING] stderr: 
[WARNING] stderr: During handling of the above exception, another exception occurred:
[WARNING] stderr: 
[WARNING] stderr: Traceback (most recent call last):
[WARNING] stderr:   File "/storage/emulated/0/MyProjects/ComicApp/main.py", line 207, in <module>
[WARNING] stderr:     ComicApp().run()
[WARNING] stderr:   File "/data/user/0/ru.iiec.pydroid3/files/aarch64-linux-android/lib/python3.8/site-packages/kivy/app.py", line 829, in run
[WARNING] stderr:     root = self.build()
[WARNING] stderr:   File "/storage/emulated/0/MyProjects/ComicApp/main.py", line 54, in build
[WARNING] stderr:     self.root = Builder.load_file('design.kv')
[WARNING] stderr:   File "/data/user/0/ru.iiec.pydroid3/files/aarch64-linux-android/lib/python3.8/site-packages/kivy/lang/builder.py", line 301, in load_file
[WARNING] stderr:     return self.load_string(data, **kwargs)
[WARNING] stderr:   File "/data/user/0/ru.iiec.pydroid3/files/aarch64-linux-android/lib/python3.8/site-packages/kivy/lang/builder.py", line 403, in load_string
[WARNING] stderr:     self._apply_rule(
[WARNING] stderr:   File "/data/user/0/ru.iiec.pydroid3/files/aarch64-linux-android/lib/python3.8/site-packages/kivy/lang/builder.py", line 656, in _apply_rule
[WARNING] stderr:     child.apply_class_lang_rules(
[WARNING] stderr:   File "/data/user/0/ru.iiec.pydroid3/files/aarch64-linux-android/lib/python3.8/site-packages/kivy/uix/widget.py", line 467, in apply_class_lang_rules
[WARNING] stderr:     Builder.apply(
[WARNING] stderr:   File "/data/user/0/ru.iiec.pydroid3/files/aarch64-linux-android/lib/python3.8/site-packages/kivy/lang/builder.py", line 536, in apply
[WARNING] stderr:     self._apply_rule(
[WARNING] stderr:   File "/data/user/0/ru.iiec.pydroid3/files/aarch64-linux-android/lib/python3.8/site-packages/kivy/lang/builder.py", line 705, in _apply_rule
[WARNING] stderr:     raise BuilderException(rule.ctx, rule.line,
[WARNING] stderr: kivy.lang.builder.BuilderException: Parser: File "/storage/emulated/0/MyProjects/ComicApp/design.kv", line 111:
[WARNING] stderr: ...
[WARNING] stderr:     109:	
[WARNING] stderr:     110:	MDLabel:
[WARNING] stderr: >>  111:		text: app.details
[WARNING] stderr:     112:		pos_hint: {"center_y": 0.3, "center_x": .5}
[WARNING] stderr:     113:	
[WARNING] stderr: ...
[WARNING] stderr: BuilderException: Parser: File "/storage/emulated/0/MyProjects/ComicApp/design.kv", line 111:
[WARNING] stderr: ...
[WARNING] stderr:     109:	
[WARNING] stderr:     110:	MDLabel:
[WARNING] stderr: >>  111:		text: app.details
[WARNING] stderr:     112:		pos_hint: {"center_y": 0.3, "center_x": .5}
[WARNING] stderr:     113:	
[WARNING] stderr: ...
[WARNING] stderr: AttributeError: 'ComicApp' object has no attribute 'details'
[WARNING] stderr:   File "/data/user/0/ru.iiec.pydroid3/files/aarch64-linux-android/lib/python3.8/site-packages/kivy/lang/builder.py", line 249, in create_handler
[WARNING] stderr:     return eval(value, idmap), bound_list
[WARNING] stderr:   File "/storage/emulated/0/MyProjects/ComicApp/design.kv", line 111, in <module>
[WARNING] stderr:     text: app.details
[WARNING] stderr:   File "/data/user/0/ru.iiec.pydroid3/files/aarch64-linux-android/lib/python3.8/site-packages/kivy/lang/parser.py", line 76, in __getattribute__
[WARNING] stderr:     return getattr(object.__getattribute__(self, '_obj'), name)
[WARNING] stderr: 
[WARNING] stderr:   File "/data/user/0/ru.iiec.pydroid3/files/aarch64-linux-android/lib/python3.8/site-packages/kivy/lang/builder.py", line 690, in _apply_rule
[WARNING] stderr:     value, bound = create_handler(
[WARNING] stderr:   File "/data/user/0/ru.iiec.pydroid3/files/aarch64-linux-android/lib/python3.8/site-packages/kivy/lang/builder.py", line 252, in create_handler
[WARNING] stderr:     raise BuilderException(rule.ctx, rule.line,
[WARNING] stderr: 
